/home/dutta26/codes/makeCuts/helper.py:466: RuntimeWarning: invalid value encountered in double_scalars
  mux_calc = t3/t2
/home/dutta26/codes/makeCuts/helper.py:467: RuntimeWarning: invalid value encountered in double_scalars
  muy_calc = t4/t2
/home/dutta26/codes/makeCuts/helper.py:471: RuntimeWarning: invalid value encountered in double_scalars
  sigxy_calc = (t1/t2) - (t3*t4)/(t2*t2)
/home/dutta26/codes/makeCuts/helper.py:472: RuntimeWarning: invalid value encountered in double_scalars
  sigxx_calc = (t5/t2) - (t3*t3) / (t2*t2)
/home/dutta26/codes/makeCuts/helper.py:473: RuntimeWarning: invalid value encountered in double_scalars
  sigyy_calc = (t6/t2) - (t4*t4) / (t2*t2)
/home/dutta26/codes/makeCuts/helper.py:519: RuntimeWarning: divide by zero encountered in double_scalars
  fbysqrtba = np.log10(guessFlux/sqrtba)
/home/dutta26/codes/makeCuts/helper.py:446: RuntimeWarning: invalid value encountered in sqrt
  sqrtImg = np.sqrt(img)
/home/dutta26/codes/makeCuts/helper.py:447: RuntimeWarning: invalid value encountered in true_divide
  q= np.abs(img-back_calc)/sqrtImg
/home/dutta26/codes/makeCuts/helper.py:450: RuntimeWarning: overflow encountered in exp
  temp1 = img - back_calc + 1.41421* sqrtImg*(0.477/ np.exp(0.928*q +0.247*q2 + 0.04*q3))
/home/dutta26/codes/makeCuts/helper.py:519: RuntimeWarning: divide by zero encountered in double_scalars
  fbysqrtba = np.log10(guessFlux/sqrtba)
/home/dutta26/codes/makeCuts/helper.py:447: RuntimeWarning: divide by zero encountered in true_divide
  q= np.abs(img-back_calc)/sqrtImg
/home/dutta26/codes/makeCuts/helper.py:451: RuntimeWarning: invalid value encountered in subtract
  temp2 = 1.41421* sqrtImg*(0.477/ np.exp(0.551*q - 0.06*q2 + 0.003*q3))
/home/dutta26/codes/makeCuts/helper.py:451: RuntimeWarning: overflow encountered in exp
  temp2 = 1.41421* sqrtImg*(0.477/ np.exp(0.551*q - 0.06*q2 + 0.003*q3))
/home/dutta26/codes/makeCuts/helper.py:466: RuntimeWarning: invalid value encountered in double_scalars
  mux_calc = t3/t2
/home/dutta26/codes/makeCuts/helper.py:467: RuntimeWarning: invalid value encountered in double_scalars
  muy_calc = t4/t2
/home/dutta26/codes/makeCuts/helper.py:471: RuntimeWarning: invalid value encountered in double_scalars
  sigxy_calc = (t1/t2) - (t3*t4)/(t2*t2)
/home/dutta26/codes/makeCuts/helper.py:472: RuntimeWarning: invalid value encountered in double_scalars
  sigxx_calc = (t5/t2) - (t3*t3) / (t2*t2)
/home/dutta26/codes/makeCuts/helper.py:473: RuntimeWarning: invalid value encountered in double_scalars
  sigyy_calc = (t6/t2) - (t4*t4) / (t2*t2)
20171108T194911.7_abell_2390_odi_z.7190.fits
(26998, 22056) *************
(346, 77)
*************************
3.9972023963928223 3.973343849182129 0.18451358377933502 Mean, Med Std of xx
4.9398417472839355 4.936603546142578 0.22820092737674713 Mean, Med Std of yy
23067.922382014578
[ 4.0232058  4.253911   4.3794885  4.568822   3.9428673  4.2134676
  4.137058   4.749657   4.1866765  4.0494742  4.368031   4.1635003
  4.0950804  4.17519    4.0308623  4.0375233  4.2687173  4.43635
  3.883638   4.079054   3.7721925  4.0389757  4.0311046  4.5446386
  4.2014804  4.948174   3.768622   4.3049335  3.919947   4.5648174
  3.9472296  4.280283   4.077739   3.9658775  4.171411   3.6754766
  4.3380046  4.27752    4.5003114  4.123806   4.104267   4.199964
  4.175834   4.2464557  4.1601243  4.2645574  3.8543704  4.032856
  3.7003672  4.165557   3.7560802  4.0877547  3.950593   4.01848
  4.037418   3.8492758  4.2464323  4.330239   4.035305   4.5761642
  4.014353   5.288565   3.7838655  4.1521144  4.1704936  3.8672342
  4.1898518  3.916056   4.0653515  3.8089337  4.0956287  3.9825544
  3.826611   4.030418   4.109425   4.020578   4.107944   3.9231727
  4.059889   4.142049   4.0255556  4.319935   4.192901   4.033396
  4.215561   3.904553   4.2420735  4.060247   3.722038   3.9207203
  3.956812   4.142377   4.044072   4.02236    4.1710806  4.1333
  4.1087484  4.0471125  3.976744   3.9614446  4.4367847  3.8479755
  4.1077642  3.9757676  3.8890738  4.4162507  3.722062   3.9327357
  3.8627868  3.8002028  3.912874   4.2273536  3.940694   4.0913687
  3.882598   3.808393   3.7866893  3.8738027  3.797751   4.300139
  4.024596   3.9002213  3.874818   3.9037483  3.826024   3.8579752
  3.9641693  3.8306086  3.876267   4.0711455  4.076526   3.94908
  4.091208   5.272749   4.0840287  4.0977526  4.0645013  3.9706917
  3.8962698  4.217339   4.0143557  5.4012933  3.8812525  3.999141
  3.872894   4.0967855  4.1669707  4.1626005  4.200931   3.6986234
  4.1606126  3.9253905  3.8359134  3.7625492  4.0920744  3.875164
  4.049774   4.0397677  3.6590087  4.097339   3.721183   4.168119
  4.14581    3.9231243  3.9465888  3.8083575  4.115595   3.9671164
  3.980571   3.8110373  4.0035715  3.8738701  4.0344186  3.8674636
  3.943643   3.8734457  4.30489    4.257407   3.8519194  3.933178
  4.1940064  4.15938    3.698758   3.9833999  3.9098942  3.9855347
  3.8463788  3.7880297  3.8224459  3.958448   3.9599745  3.9984822
  3.7576914  3.91009    4.0533485  3.8891163  4.0331774  3.9573648
  4.510225   3.832969   3.9016607  3.912384   3.8240793  3.816437
  4.1820145  3.7571163  3.6485896  4.216511   3.9625216  4.009288
  4.2437453  3.6333961  3.574406   3.9407222  4.0083623  4.940364
  4.2394104  4.0080347  4.10365    4.191571   3.932932   3.854705
  4.085648   3.9951644  3.8512058  3.9185603  3.9015317  3.911965
  3.594569   3.9367404  3.8580563  4.097742   4.0237145  3.9968493
  4.2057586  4.3148007  3.927193   3.933759   3.8010547  3.8189414
  3.911515   3.8879619  4.066408   4.069335   3.7746003  4.143126
  3.7576842  3.9014633  4.007201   3.7181475  4.0662804  3.7930126
  3.6562796  3.7504706  3.9741514  3.9895408  3.9727154  3.942945
  4.6042876  4.1105747  4.233625   3.799249   3.9420078  3.8182845
  4.0323095  3.887649   4.2057858  4.0544367  5.366515   4.0703588
  3.9175472  4.1518626  4.0484037  4.4067745  4.1808457  3.9478505
  3.6985915  3.8605986  4.038804   3.6490986  3.9627094  3.7611651
  4.042294   3.790425   3.8138537  4.408736   3.95018    4.3890395
  3.6777823  4.367141   3.9643595  3.847668   4.570178   4.031188
  3.7307472  4.0431304  4.5698137  3.818526   3.7067094  3.9090407
  4.68918    3.7676213  4.008853   3.8208551  3.8128855  3.8744564
  4.0326777  3.9677806  3.870938   3.776556   3.750099   4.4197316
  3.8527381  3.9594653  3.9739723  4.3285275  3.9663363  4.0632057
  3.8889093  3.7582862  3.7416198  3.8451846  4.5019875  3.9089053
  4.1074705  3.9687827  3.836625   3.9298074  3.922092   4.392618
  3.9865952  3.7717137  3.925498   3.9615693  3.9804485  3.8226357
  3.8239434  4.9528356 13.879235   3.9214404  3.8097632  3.9179158
  3.8892841  5.150801   4.6781125  4.5273914]
[ 4.4773097  4.8217354  5.103689   5.3535523  4.3887644  4.9279838
  4.9581156  5.4866214  4.890163   4.5173798  5.175972   4.7958655
  5.182268   5.1360126  4.792114   4.475393   4.5747795  5.568812
  4.7465887  5.049733   4.6722884  4.707489   4.836357   5.172322
  5.060564   5.124971   4.6143475  5.2553487  4.5733895  5.4474998
  4.5172105  5.2877817  4.7936087  4.916518   4.968257   4.498092
  5.1145964  5.24182    5.222083   5.10746    5.056461   5.037238
  4.992015   5.09152    4.832613   5.3481445  4.702484   4.902499
  4.4371405  4.980723   4.405094   4.8341894  4.750253   4.548602
  4.472813   4.7916284  5.111761   5.139726   4.6456866  5.390849
  4.9207277  5.896584   4.41543    4.972377   4.803182   4.582533
  4.971916   4.6160502  5.1450706  4.3436174  4.921398   4.7754
  4.771589   4.9486065  5.0028286  4.800178   5.120596   4.7859383
  5.061054   5.0408864  5.071713   5.167629   5.2148266  4.956784
  5.161037   5.0230603  4.9934936  4.966211   4.520368   4.9688044
  4.871961   5.1523976  4.8671036  4.792192   5.0235114  5.0678887
  4.794251   4.8100185  5.0921445  5.2648516  9.215533   4.833743
  5.1531954  4.9588137  4.7207637  6.1379337  4.942923   4.9734845
  4.99557    4.9996357  5.0641108  5.4232883  6.518465   5.004779
  4.70522    5.034811   4.9769163  5.2400265  5.069053   5.6100783
  4.7372904  4.886177   4.881144   4.8873844  4.8725233  4.830963
  4.835085   4.6060343  4.757022   4.732379   5.03438    5.0468407
  4.910475   7.3436604  4.6569366  4.5904326  4.983828   4.7351236
  4.938143   5.096899   4.833155   6.5975914  5.1368027  4.4375186
  5.1838903  4.7907495  4.8018036  4.949989   4.923968   5.005759
  5.199244   4.882353   4.530234   4.53266    4.715888   4.95138
  4.904164   4.82986    5.0405135  4.7495117  4.926273   4.9100404
  4.8455224  4.8984003  4.8457737  4.9777575  4.9974256  5.4142747
  4.8352675  4.9463477  4.9237666  4.7560863  4.795371   4.893097
  4.838014   4.65045    4.8600307  5.494683   5.060732   4.791101
  5.223743   4.889316   5.1485686  5.1035743  4.9804163  4.702038
  4.932017   5.0457377  4.8388796  4.848285   4.6862655  4.8012047
  4.724901   4.6400743  4.9039717  4.6658263  4.973633   4.8145676
  5.5301385  4.8193574  4.8951526  4.845418   4.6162705  4.4464083
  4.9260015  4.616172   4.8864307  5.075409   4.7114916  4.816483
  4.789373   4.221031   4.6992154  4.796571   5.0630736  6.222395
  4.928616   5.083818   5.024953   5.189486   4.8455415  4.5999427
  5.3809795  4.9017124  4.748114   4.766489   4.9801245  4.9940934
  4.690607   5.0428996  4.902351   5.015865   5.0353866  4.9662414
  5.2623315  5.1828904  4.765866   4.8568645  4.8202276  4.9565153
  4.9149203  5.2092466  4.9711123  5.0667577  4.9379106  5.3500004
  4.882523   5.418739   4.8850045  4.9111056  5.244874   4.6959596
  4.844664   4.9437165  5.042254   5.3574824  5.343003   4.9113913
  6.8426933  5.370098   5.318825   4.8220086  4.994419   5.157952
  5.396601   4.9118032  5.2948647  5.0568953  6.9141335  4.962572
  5.0199666  5.2950163  5.111017   5.7590413  5.046069   5.1090555
  4.775722   4.946759   4.887554   4.8065257  4.869492   5.084913
  5.118955   4.9819374  4.885933   5.8392344  4.6889024  5.896501
  4.870838   6.295363   4.958446   4.6991196  5.9875693  4.8817806
  4.607866   4.8669853  6.177844   4.963104   5.042264   4.878636
  6.2917523  4.7876344  4.998435   4.74309    4.786045   4.944587
  5.043826   4.832463   4.7773833  5.142954   4.941953   5.667587
  4.5701594  4.7523336  4.9156957  5.865432   5.1155086  5.4977026
  5.003155   5.006152   4.9674125  4.7464075  6.200041   5.1914344
  5.0439034  5.2649603  4.7310324  5.002746   5.216193   6.049983
  5.034046   4.847245   4.8859224  4.935296   4.9547715  5.1152053
  4.9993896  7.4553237 18.927511   5.171178   5.1027384  4.9640675
  5.1322527  6.782824   5.470122   5.3917227]
406
[11.547206  11.904491  11.740461  11.675202  11.446343  11.311015
  5.131439  12.478441  11.52177   11.040447  11.532524  10.898913
 11.640979  11.19545   11.106607  11.4212885 11.565864  12.413276
 12.768896  13.225506  11.210527  11.734405  11.331918  12.069415
 11.635925  11.447295  11.809967  13.008021  11.367858  11.497966
 11.549386  11.364378  11.449859  11.414244  11.72324   11.564703
 11.47372   13.218565  11.89585   10.951081  10.98029   11.450655
 11.411342  11.378996  11.363423  10.89371   11.247438  11.680204
 11.916838  11.222074  11.45185   11.3758745 11.566907  12.142294
 11.842618  11.827529  12.093272  12.001185  12.441218  11.00949
 12.406291  11.492399  13.708158  11.9153385 11.860486  12.427857
 12.379636  11.508087  11.41006   11.364679  13.812892  10.941893
 13.083715  11.352066  13.481873  12.658338  11.36676   11.7721195
 11.240091  12.089361  12.592845  12.161513  12.503263  11.299137
 11.211857  11.480207  12.14484   11.273988  11.33403   11.472091
 12.035982  11.201952  11.569087  11.018689  11.474057  12.424662
 11.363744  12.713574  11.61065   12.298268  12.708841  11.964953
 11.914888  11.772062  12.239947  11.173981  11.763536  11.187268
 11.013805  12.077554  11.186806  10.786125  12.343642  13.055322
 12.3561    12.36567   12.061497  12.085369  11.948389  11.857071
 11.182595  12.652862  11.368529  12.289303  12.019232  11.508204
 11.696962  10.919074  11.3653145 12.566113  11.137765  11.044768
 11.701844  11.533101  11.380386  12.852478  12.105717  12.300593
 12.393382  12.461602  11.609729  11.77927   11.101839  12.486784
 11.114112  13.210772  12.047323  11.733708  11.335776  12.648305
 12.247021  11.363648  12.194355  11.662971  12.015044  11.73637
 11.02096   12.43483   11.328745  12.906067  11.323545  11.915874
 11.863115  11.303702  12.534118  12.269763  11.75582   12.200716
 11.771068  12.049825  12.606801  11.525261  10.87122   11.673086
 11.10884   12.509539  11.197359  11.279256  12.413249  12.432252
 11.334244  12.554738  12.202964  12.379379  11.611036  12.528557
 11.236393  12.147424  11.905987  12.004603  11.447912  12.587314
 12.06597   12.37265   11.983587  12.440283  11.871466  12.383807
 12.33025   11.033116  12.142127  12.209693  12.906209  12.346576
 13.261629  12.543101  11.891151  12.815265  11.453945  12.10789
 11.936796  13.077981  12.623723  11.502721  12.642434  12.450703
 11.086234  13.125202  13.493082  12.139197  11.784681  12.581029
 12.900801  11.607553  12.345632  12.900363  12.267283  11.743124
 12.209796  12.277005  12.536408  11.727663  11.628333  12.361644
 11.839053  12.2416525 11.620082  11.161748  11.4414835 12.5923195
 12.419922  12.801398  12.356114  13.921008  12.585959  12.251537
 12.787976  12.800985  12.368004  12.0089655 12.297312  12.947571
 12.474433  12.331646  11.254735  12.510574  12.359062  12.886729
 12.119168  12.50859   12.813246  11.615125  11.790363  12.550695
 12.85296   12.711017  13.2149105 11.9279375 11.839768  11.946152
 12.04928   12.383438  11.903517  12.461974  12.277074  11.81091
 12.346792  11.853227  12.418738  12.028212  12.676589  12.763859
 12.962212  11.746578  11.795395  12.600054  12.302467  11.886609
 12.899384  12.028824  12.049191  12.956565  13.004416  11.759256
 11.579975  12.117728  12.256134  12.488614  12.657609  12.216855
 12.170885  12.604233  11.95939   11.86222   12.343271  12.772684
 12.059238  12.8541155 12.881884  12.162646  12.207847  11.766379
 11.775065  12.822224  12.214679  12.328113  12.221571  12.060647
 12.95935   11.463429  11.440563  11.769324  11.401614  12.731988
 11.920572  13.242794  11.898389  12.711277  12.770962  12.38292
 12.963648  12.182578  12.246698  13.26773   12.618978  12.236478
 11.884005  12.4256735 13.329474  12.939728  12.22173    7.2890596
 12.144412  12.54741   11.951869  12.6777315 12.912719  12.18635
 12.75349   12.697985  12.065708  12.1101265 11.720195  11.763126
 13.307463  12.010188  12.211563  11.698617  12.826413  11.7049265
 12.865047  12.015379  13.422097  12.326525  12.26209   12.70839
 12.150602  12.32191   11.437713  11.991556  11.986222  11.934961
 13.0694895 12.487049  12.665741  12.230829  12.028671  11.61809
 12.590405  12.35626   12.736494  12.18181   11.951506  12.821114
 12.699941  13.608191  11.878806  12.080721  12.099087  11.460611
 12.662396  12.593496  12.887611  11.408171  12.483227  12.690661
 12.225966  12.588183  12.473528  11.929127  12.041533  13.08273
 12.93926   11.968565  12.248257  11.562333 ]
(406, 77)
0.16580205263187373 0.18814747878611873 0.14587903934896665 Global errors
